{
  "stats": {
    "suites": 1,
    "tests": 7,
    "passes": 7,
    "pending": 0,
    "failures": 0,
    "start": "2023-03-24T12:05:50.281Z",
    "end": "2023-03-24T12:06:31.773Z",
    "duration": 41492,
    "testsRegistered": 7,
    "passPercent": 100,
    "pendingPercent": 0,
    "other": 0,
    "hasOther": false,
    "skipped": 0,
    "hasSkipped": false
  },
  "results": [
    {
      "uuid": "8a4382ff-a41d-48d5-9624-244dcf04a9af",
      "title": "",
      "fullFile": "cypress\\e2e\\expedia_test.cy.js",
      "file": "cypress\\e2e\\expedia_test.cy.js",
      "beforeHooks": [],
      "afterHooks": [],
      "tests": [],
      "suites": [
        {
          "uuid": "e11504a6-7193-494f-842b-684b1ded1be0",
          "title": "",
          "fullFile": "",
          "file": "",
          "beforeHooks": [],
          "afterHooks": [],
          "tests": [
            {
              "title": "goes to the multicity page",
              "fullTitle": " goes to the multicity page",
              "timedOut": null,
              "duration": 11220,
              "state": "passed",
              "speed": "slow",
              "pass": true,
              "fail": false,
              "pending": false,
              "context": null,
              "code": "cy.contains('Flights').click({\n  force: true\n});\ncy.contains('Multi-city').should('be.visible').click();",
              "err": {},
              "uuid": "9b275f52-a618-4015-b879-5471e0176a98",
              "parentUUID": "e11504a6-7193-494f-842b-684b1ded1be0",
              "isHook": false,
              "skipped": false
            },
            {
              "title": "Adds first flights",
              "fullTitle": " Adds first flights",
              "timedOut": null,
              "duration": 3090,
              "state": "passed",
              "speed": "fast",
              "pass": true,
              "fail": false,
              "pending": false,
              "context": null,
              "code": "cy.contains('Add another flight').click();\ncy.scrollTo('top');\ncy.destination1('mal', \"Luqa (MLA - Malta Intl.) Malta\");\ncy.origin1('lon', \"London (LHR - Heathrow) United Kingdom\");",
              "err": {},
              "uuid": "c39b0751-3670-40a8-b5f7-7b665a460da8",
              "parentUUID": "e11504a6-7193-494f-842b-684b1ded1be0",
              "isHook": false,
              "skipped": false
            },
            {
              "title": "Adds second flight",
              "fullTitle": " Adds second flight",
              "timedOut": null,
              "duration": 1258,
              "state": "passed",
              "speed": "fast",
              "pass": true,
              "fail": false,
              "pending": false,
              "context": null,
              "code": "cy.destination2('fra', \"Frankfurt (FRA - Frankfurt Intl.) Germany\");",
              "err": {},
              "uuid": "79126733-aaaa-45dc-8d26-a9dca5663941",
              "parentUUID": "e11504a6-7193-494f-842b-684b1ded1be0",
              "isHook": false,
              "skipped": false
            },
            {
              "title": "Adds third flight",
              "fullTitle": " Adds third flight",
              "timedOut": null,
              "duration": 1583,
              "state": "passed",
              "speed": "fast",
              "pass": true,
              "fail": false,
              "pending": false,
              "context": null,
              "code": "cy.destination3('lon', \"London (LHR - Heathrow) United Kingdom\");",
              "err": {},
              "uuid": "528a06fe-4852-4e9b-92f9-8e742e7df8f1",
              "parentUUID": "e11504a6-7193-494f-842b-684b1ded1be0",
              "isHook": false,
              "skipped": false
            },
            {
              "title": "Add the dates for the flights",
              "fullTitle": " Add the dates for the flights",
              "timedOut": null,
              "duration": 2104,
              "state": "passed",
              "speed": "fast",
              "pass": true,
              "fail": false,
              "pending": false,
              "context": null,
              "code": "cy.addDates(1, 4, 7);",
              "err": {},
              "uuid": "5dd36450-0919-4a60-8f2d-6f65bc2d5aef",
              "parentUUID": "e11504a6-7193-494f-842b-684b1ded1be0",
              "isHook": false,
              "skipped": false
            },
            {
              "title": "add adults and search",
              "fullTitle": " add adults and search",
              "timedOut": null,
              "duration": 4924,
              "state": "passed",
              "speed": "fast",
              "pass": true,
              "fail": false,
              "pending": false,
              "context": null,
              "code": "cy.addAdults(4);\ncy.get('[data-testid=\"submit-button\"]').click();",
              "err": {},
              "uuid": "1daaf068-8ec2-4586-9a4d-19f2327bf091",
              "parentUUID": "e11504a6-7193-494f-842b-684b1ded1be0",
              "isHook": false,
              "skipped": false
            },
            {
              "title": "selects flight",
              "fullTitle": " selects flight",
              "timedOut": null,
              "duration": 13544,
              "state": "passed",
              "speed": "slow",
              "pass": true,
              "fail": false,
              "pending": false,
              "context": null,
              "code": "cy.get('[data-test-id=\"select-link\"]', {\n  timeout: 8000\n}).first().click().get('[data-test-id=\"select-button\"]').click();\ncy.wait(5000);\ncy.get('[data-test-id=\"select-link\"]', {\n  timeout: 8000\n}).first().click().get('[data-test-id=\"select-button\"]').click();\ncy.wait(5000);\ncy.get('[data-test-id=\"select-link\"]', {\n  timeout: 8000\n}).first().click().get('[data-test-id=\"select-button\"]').click();",
              "err": {},
              "uuid": "8bd6f9a0-bc00-47bb-b82b-b32da7d0c6bf",
              "parentUUID": "e11504a6-7193-494f-842b-684b1ded1be0",
              "isHook": false,
              "skipped": false
            }
          ],
          "suites": [],
          "passes": [
            "9b275f52-a618-4015-b879-5471e0176a98",
            "c39b0751-3670-40a8-b5f7-7b665a460da8",
            "79126733-aaaa-45dc-8d26-a9dca5663941",
            "528a06fe-4852-4e9b-92f9-8e742e7df8f1",
            "5dd36450-0919-4a60-8f2d-6f65bc2d5aef",
            "1daaf068-8ec2-4586-9a4d-19f2327bf091",
            "8bd6f9a0-bc00-47bb-b82b-b32da7d0c6bf"
          ],
          "failures": [],
          "pending": [],
          "skipped": [],
          "duration": 37723,
          "root": false,
          "rootEmpty": false,
          "_timeout": 2000
        }
      ],
      "passes": [],
      "failures": [],
      "pending": [],
      "skipped": [],
      "duration": 0,
      "root": true,
      "rootEmpty": true,
      "_timeout": 2000
    }
  ],
  "meta": {
    "mocha": {
      "version": "7.0.1"
    },
    "mochawesome": {
      "options": {
        "quiet": false,
        "reportFilename": "Shopping_Report",
        "saveHtml": false,
        "saveJson": true,
        "consoleReporter": "spec",
        "useInlineDiffs": false,
        "code": true
      },
      "version": "7.1.3"
    },
    "marge": {
      "options": {
        "reportDir": "cypress\\reports\\.jsons",
        "charts": true,
        "reportPageTitle": "Weaver-Cypress",
        "reportFilename": "Shopping_Report",
        "embeddedScreenshots": true,
        "inlineAssets": true,
        "saveAllAttempts": true,
        "overwrite": false,
        "html": false,
        "json": true
      },
      "version": "6.2.0"
    }
  }
}